INFO	2024/06/05 07:50:10 Starting server on :4000
INFO	2024/06/05 07:50:49 [::1]:49234 - HTTP/1.1 GET /
INFO	2024/06/05 07:50:49 App page Reloaded
INFO	2024/06/05 07:51:21 Starting server on :4000
INFO	2024/06/05 07:51:36 [::1]:49262 - HTTP/1.1 GET /
INFO	2024/06/05 07:51:36 App page Reloaded
INFO	2024/06/05 07:51:38 [::1]:49262 - HTTP/1.1 GET /
INFO	2024/06/05 07:51:38 App page Reloaded
INFO	2024/06/05 07:51:56 [::1]:49262 - HTTP/1.1 POST /Add
INFO	2024/06/05 07:51:56 [::1]:49262 - HTTP/1.1 GET /
INFO	2024/06/05 07:51:56 App page Reloaded
INFO	2024/06/05 07:52:43 [::1]:49262 - HTTP/1.1 POST /Add
INFO	2024/06/05 07:52:43 [::1]:49262 - HTTP/1.1 GET /
INFO	2024/06/05 07:52:43 App page Reloaded
INFO	2024/06/05 07:53:05 [::1]:49262 - HTTP/1.1 POST /delete?26
INFO	2024/06/05 07:53:05 [::1]:49262 - HTTP/1.1 GET /
INFO	2024/06/05 07:53:05 App page Reloaded
INFO	2024/06/05 09:38:22 Starting server on :4000
INFO	2024/06/05 09:38:42 [::1]:51161 - HTTP/1.1 GET /
INFO	2024/06/05 09:38:42 App page Reloaded
INFO	2024/06/05 09:38:42 [::1]:51161 - HTTP/1.1 GET /static/css/main1.css
INFO	2024/06/05 09:38:42 [::1]:51161 - HTTP/1.1 GET /
INFO	2024/06/05 09:38:42 App page Reloaded
INFO	2024/06/05 09:46:30 Starting server on :4000
INFO	2024/06/05 09:46:51 [::1]:51402 - HTTP/1.1 GET /
INFO	2024/06/05 09:46:51 App page Reloaded
INFO	2024/06/05 10:10:35 Starting server on :4000
INFO	2024/06/05 10:10:44 [::1]:52136 - HTTP/1.1 GET /
INFO	2024/06/05 10:10:44 App page Reloaded
INFO	2024/06/05 10:10:45 [::1]:52136 - HTTP/1.1 GET /
INFO	2024/06/05 10:10:45 App page Reloaded
INFO	2024/06/05 10:10:46 [::1]:52136 - HTTP/1.1 GET /
INFO	2024/06/05 10:10:46 App page Reloaded
INFO	2024/06/05 10:11:22 [::1]:52158 - HTTP/1.1 GET /
INFO	2024/06/05 10:11:22 App page Reloaded
INFO	2024/06/05 10:28:16 Starting server on :4000
INFO	2024/06/05 10:28:26 [::1]:52717 - HTTP/1.1 GET /
INFO	2024/06/05 10:31:31 Starting server on :4000
INFO	2024/06/05 10:31:31 [::1]:52816 - HTTP/1.1 GET /
INFO	2024/06/05 10:32:07 Starting server on :4000
INFO	2024/06/05 10:32:15 [::1]:52844 - HTTP/1.1 GET /
INFO	2024/06/05 11:32:25 Starting server on :4000
INFO	2024/06/05 11:33:56 [::1]:54735 - HTTP/1.1 GET /
INFO	2024/06/05 11:33:56 App page Reloaded
INFO	2024/06/05 11:35:26 [::1]:54735 - HTTP/1.1 GET /Update?id=27&name=%22Ashwin%22
INFO	2024/06/05 11:35:59 [::1]:54735 - HTTP/1.1 GET /Update?id=27&name=Ashwin
INFO	2024/06/05 11:36:03 [::1]:54735 - HTTP/1.1 GET /Update?id=27&name=Ashwin
INFO	2024/06/05 11:37:22 Starting server on :4000
INFO	2024/06/05 11:37:29 [::1]:54856 - HTTP/1.1 GET /Update?id=27&name=Ashwin
INFO	2024/06/05 11:37:46 [::1]:54869 - HTTP/1.1 POST /Update?id=27&name=nune
INFO	2024/06/05 11:38:36 Starting server on :4000
INFO	2024/06/05 11:38:46 [::1]:54912 - HTTP/1.1 GET /
INFO	2024/06/05 11:38:46 App page Reloaded
INFO	2024/06/05 11:38:54 [::1]:54912 - HTTP/1.1 POST /Add
INFO	2024/06/05 11:38:54 [::1]:54912 - HTTP/1.1 GET /
INFO	2024/06/05 11:38:54 App page Reloaded
INFO	2024/06/05 11:41:01 Starting server on :4000
INFO	2024/06/05 11:41:11 [::1]:55002 - HTTP/1.1 POST /Update?id=27&name=nune
INFO	2024/06/05 11:41:18 [::1]:55011 - HTTP/1.1 GET /
INFO	2024/06/05 11:41:59 Starting server on :4000
INFO	2024/06/05 11:42:08 [::1]:55041 - HTTP/1.1 GET /
INFO	2024/06/05 11:42:10 [::1]:55041 - HTTP/1.1 GET /
INFO	2024/06/05 11:42:11 [::1]:55041 - HTTP/1.1 GET /
INFO	2024/06/05 11:42:12 [::1]:55041 - HTTP/1.1 GET /
INFO	2024/06/05 11:42:15 [::1]:55047 - HTTP/1.1 POST /Update?id=27&name=nune
INFO	2024/06/05 11:42:21 [::1]:55041 - HTTP/1.1 GET /
INFO	2024/06/05 11:42:21 [::1]:55041 - HTTP/1.1 GET /
INFO	2024/06/05 11:42:21 [::1]:55041 - HTTP/1.1 GET /
INFO	2024/06/05 11:42:22 [::1]:55041 - HTTP/1.1 GET /
INFO	2024/06/05 11:42:22 [::1]:55041 - HTTP/1.1 GET /static/css/main1.css
INFO	2024/06/05 11:42:22 [::1]:55041 - HTTP/1.1 GET /favicon.ico
INFO	2024/06/05 11:42:25 [::1]:55041 - HTTP/1.1 POST /Add
INFO	2024/06/05 11:42:25 [::1]:55041 - HTTP/1.1 GET /
INFO	2024/06/05 12:08:57 Starting server on :4000
INFO	2024/06/05 12:09:06 [::1]:55654 - HTTP/1.1 GET /
INFO	2024/06/05 12:09:06 App page Reloaded
INFO	2024/06/05 12:09:34 [::1]:55654 - HTTP/1.1 GET /Update?id=27&name=Ashwin
INFO	2024/06/05 12:09:47 [::1]:55664 - HTTP/1.1 POST /Update?id=27&name=nune
INFO	2024/06/05 12:12:53 [::1]:55664 - HTTP/1.1 POST /Update?id=27&name=nune
INFO	2024/06/05 12:14:11 Starting server on :4000
INFO	2024/06/05 12:14:18 [::1]:55807 - HTTP/1.1 POST /Update?id=27&name=nune
INFO	2024/06/05 12:14:18 [::1]:55807 - HTTP/1.1 GET /Update/?id=27&name=nune
INFO	2024/06/05 12:16:08 Starting server on :4000
INFO	2024/06/05 12:16:19 [::1]:55876 - HTTP/1.1 POST /Update?id=27&name=nune
INFO	2024/06/05 12:16:19 [::1]:55876 - HTTP/1.1 GET /Update/?id=27&name=nune
INFO	2024/06/05 12:16:53 Starting server on :4000
INFO	2024/06/05 12:17:01 [::1]:55902 - HTTP/1.1 POST /Update?id=27&name=nune
INFO	2024/06/05 12:17:01 [::1]:55902 - HTTP/1.1 GET /Update/?id=27&name=nune
INFO	2024/06/05 12:17:17 [::1]:55913 - HTTP/1.1 GET /Update?id=27&name=Ashwin
INFO	2024/06/05 12:19:16 [::1]:55902 - HTTP/1.1 GET /Update?id=27&name=nune
INFO	2024/06/05 12:19:21 [::1]:55902 - HTTP/1.1 POST /Update?id=27&name=nune
INFO	2024/06/05 12:19:21 [::1]:55902 - HTTP/1.1 GET /Update/?id=27&name=nune
INFO	2024/06/05 12:20:17 [::1]:55902 - HTTP/1.1 POST /Update?ID=27&NAME=nune
INFO	2024/06/05 12:20:17 [::1]:55902 - HTTP/1.1 GET /Update/?ID=27&NAME=nune
INFO	2024/06/05 12:20:22 [::1]:55902 - HTTP/1.1 POST /Update?id=27&NAME=nune
INFO	2024/06/05 12:20:22 [::1]:55902 - HTTP/1.1 GET /Update/?id=27&NAME=nune
INFO	2024/06/05 12:20:31 [::1]:55902 - HTTP/1.1 POST /Update?id=27&name=nune
INFO	2024/06/05 12:20:31 [::1]:55902 - HTTP/1.1 GET /Update/?id=27&name=nune
INFO	2024/06/05 12:24:34 Starting server on :4000
INFO	2024/06/05 12:24:58 [::1]:56143 - HTTP/1.1 GET /
INFO	2024/06/05 12:24:58 App page Reloaded
INFO	2024/06/05 12:25:05 [::1]:56143 - HTTP/1.1 POST /Add
INFO	2024/06/05 12:25:05 [::1]:56143 - HTTP/1.1 GET /
INFO	2024/06/05 12:25:05 App page Reloaded
INFO	2024/06/05 12:26:24 [::1]:56186 - HTTP/1.1 POST /Update?id=27&name=bub
INFO	2024/06/05 12:26:24 [::1]:56186 - HTTP/1.1 GET /
INFO	2024/06/05 12:26:24 App page Reloaded
INFO	2024/06/05 12:26:57 [::1]:56143 - HTTP/1.1 GET /Update?id=27&name=Ashwin
INFO	2024/06/05 12:29:12 [::1]:56143 - HTTP/1.1 GET /Update?id=27&name=Ashwin
INFO	2024/06/05 12:29:17 [::1]:56143 - HTTP/1.1 GET /
INFO	2024/06/05 12:29:17 App page Reloaded
INFO	2024/06/05 12:29:20 [::1]:56143 - HTTP/1.1 POST /delete?27
INFO	2024/06/05 12:29:20 [::1]:56143 - HTTP/1.1 GET /
INFO	2024/06/05 12:29:20 App page Reloaded
INFO	2024/06/05 12:29:23 [::1]:56143 - HTTP/1.1 POST /Add
INFO	2024/06/05 12:29:23 [::1]:56143 - HTTP/1.1 GET /
INFO	2024/06/05 12:29:23 App page Reloaded
INFO	2024/06/05 12:29:40 [::1]:56143 - HTTP/1.1 GET /
INFO	2024/06/05 12:29:40 App page Reloaded
INFO	2024/06/05 12:29:51 [::1]:56143 - HTTP/1.1 GET /Update?id=38&name=Ashwin
INFO	2024/06/05 12:30:13 [::1]:56186 - HTTP/1.1 POST /Update?id=38&name=dndj
INFO	2024/06/05 12:30:13 [::1]:56186 - HTTP/1.1 GET /
INFO	2024/06/05 12:30:13 App page Reloaded
INFO	2024/06/05 12:31:12 Starting server on :4000
INFO	2024/06/05 12:31:12 [::1]:56342 - HTTP/1.1 GET /Update?id=38&name=Ashwin
INFO	2024/06/05 12:31:13 [::1]:56342 - HTTP/1.1 GET /
INFO	2024/06/05 12:31:13 App page Reloaded
INFO	2024/06/05 12:31:23 [::1]:56342 - HTTP/1.1 GET /
INFO	2024/06/05 12:31:23 App page Reloaded
INFO	2024/06/05 12:31:35 [::1]:56342 - HTTP/1.1 GET /
INFO	2024/06/05 12:31:35 App page Reloaded
INFO	2024/06/05 12:31:41 [::1]:56342 - HTTP/1.1 GET /
INFO	2024/06/05 12:31:41 App page Reloaded
INFO	2024/06/05 12:31:46 [::1]:56342 - HTTP/1.1 GET /
INFO	2024/06/05 12:31:46 App page Reloaded
INFO	2024/06/05 12:31:53 [::1]:56342 - HTTP/1.1 GET /
INFO	2024/06/05 12:31:53 App page Reloaded
INFO	2024/06/05 12:32:14 [::1]:56342 - HTTP/1.1 GET /Update?id=38&name=Ashwin
INFO	2024/06/05 12:32:14 [::1]:56342 - HTTP/1.1 GET /
INFO	2024/06/05 12:32:14 App page Reloaded
INFO	2024/06/05 12:33:47 [::1]:56430 - HTTP/1.1 POST /Update?id=38&name=naseem,
INFO	2024/06/05 12:37:26 Starting server on :4000
INFO	2024/06/05 12:37:26 [::1]:56541 - HTTP/1.1 GET /
INFO	2024/06/05 12:37:26 App page Reloaded
INFO	2024/06/05 12:37:42 [::1]:56541 - HTTP/1.1 GET /
INFO	2024/06/05 12:37:42 App page Reloaded
INFO	2024/06/05 12:39:18 Starting server on :4000
INFO	2024/06/05 12:39:43 [::1]:56617 - HTTP/1.1 GET /
INFO	2024/06/05 12:39:43 App page Reloaded
INFO	2024/06/05 12:41:27 Starting server on :4000
INFO	2024/06/05 12:41:36 [::1]:56680 - HTTP/1.1 GET /
INFO	2024/06/05 12:41:36 App page Reloaded
INFO	2024/06/05 12:43:38 Starting server on :4000
INFO	2024/06/05 12:43:52 [::1]:56753 - HTTP/1.1 GET /
INFO	2024/06/05 12:43:52 App page Reloaded
INFO	2024/06/05 12:44:31 Starting server on :4000
INFO	2024/06/05 12:44:38 [::1]:56779 - HTTP/1.1 GET /
INFO	2024/06/05 12:44:38 App page Reloaded
INFO	2024/06/05 12:46:52 Starting server on :4000
INFO	2024/06/05 12:47:03 [::1]:56852 - HTTP/1.1 GET /
INFO	2024/06/05 12:47:03 App page Reloaded
INFO	2024/06/05 12:49:10 [::1]:56852 - HTTP/1.1 GET /
INFO	2024/06/05 12:49:10 App page Reloaded
INFO	2024/06/05 12:50:44 Starting server on :4000
INFO	2024/06/05 12:51:05 [::1]:56973 - HTTP/1.1 GET /
INFO	2024/06/05 12:51:05 App page Reloaded
INFO	2024/06/05 12:51:07 [::1]:56973 - HTTP/1.1 POST /Update?id=28
INFO	2024/06/05 12:51:07 [::1]:56973 - HTTP/1.1 GET /
INFO	2024/06/05 12:51:07 App page Reloaded
INFO	2024/06/05 12:51:16 [::1]:56973 - HTTP/1.1 POST /Update?id=28
INFO	2024/06/05 12:51:16 [::1]:56973 - HTTP/1.1 GET /
INFO	2024/06/05 12:51:16 App page Reloaded
INFO	2024/06/05 16:22:03 Starting server on :4000
INFO	2024/06/05 16:22:10 [::1]:59267 - HTTP/1.1 GET /
INFO	2024/06/05 16:22:10 App page Reloaded
INFO	2024/06/05 16:22:10 [::1]:59267 - HTTP/1.1 GET /static/css/main1.css
INFO	2024/06/05 16:23:34 [::1]:59267 - HTTP/1.1 POST /Add
INFO	2024/06/05 16:23:34 [::1]:59267 - HTTP/1.1 GET /
INFO	2024/06/05 16:23:34 App page Reloaded
INFO	2024/06/05 16:23:58 [::1]:59267 - HTTP/1.1 POST /Update?id=39
INFO	2024/06/05 16:23:58 [::1]:59267 - HTTP/1.1 GET /
INFO	2024/06/05 16:23:58 App page Reloaded
INFO	2024/06/05 16:24:30 [::1]:59267 - HTTP/1.1 POST /Add
INFO	2024/06/05 16:24:41 [::1]:59267 - HTTP/1.1 POST /Add
INFO	2024/06/05 16:24:47 [::1]:59267 - HTTP/1.1 POST /Add
INFO	2024/06/05 16:28:19 Starting server on :4000
INFO	2024/06/05 16:28:30 [::1]:59454 - HTTP/1.1 GET /
INFO	2024/06/05 16:28:30 App page Reloaded
INFO	2024/06/05 16:28:35 [::1]:59454 - HTTP/1.1 POST /Add
INFO	2024/06/05 16:51:40 Starting server on :4000
INFO	2024/06/05 16:51:46 [::1]:60274 - HTTP/1.1 POST /Add
INFO	2024/06/05 16:52:45 Starting server on :4000
INFO	2024/06/05 16:52:58 [::1]:60334 - HTTP/1.1 GET /
INFO	2024/06/05 16:57:16 Starting server on :4000
INFO	2024/06/05 16:58:05 [::1]:60519 - HTTP/1.1 GET /
INFO	2024/06/05 16:58:05 App page Reloaded
INFO	2024/06/05 16:58:14 [::1]:60519 - HTTP/1.1 POST /Add
INFO	2024/06/05 16:58:14 [::1]:60519 - HTTP/1.1 GET /
INFO	2024/06/05 16:58:14 App page Reloaded
INFO	2024/06/05 19:05:54 [::1]:61008 - HTTP/1.1 POST /Add
INFO	2024/06/05 19:12:23 [::1]:61188 - HTTP/1.1 POST /Add
INFO	2024/06/05 19:12:24 [::1]:61188 - HTTP/1.1 POST /Add
INFO	2024/06/05 19:12:25 [::1]:61188 - HTTP/1.1 POST /Add
INFO	2024/06/05 19:12:38 [::1]:61188 - HTTP/1.1 GET /
INFO	2024/06/05 19:12:38 App page Reloaded
INFO	2024/06/05 19:12:44 [::1]:61188 - HTTP/1.1 POST /Add
INFO	2024/06/05 19:53:38 Starting server on :4000
INFO	2024/06/05 19:53:53 [::1]:62907 - HTTP/1.1 GET /
INFO	2024/06/05 19:53:59 [::1]:62907 - HTTP/1.1 GET /
INFO	2024/06/05 19:54:00 [::1]:62907 - HTTP/1.1 GET /
INFO	2024/06/05 19:54:02 [::1]:62907 - HTTP/1.1 GET /
INFO	2024/06/05 20:08:25 Starting server on :4000
INFO	2024/06/05 20:08:38 [::1]:63333 - HTTP/1.1 GET /
INFO	2024/06/05 20:08:40 [::1]:63333 - HTTP/1.1 GET /
INFO	2024/06/05 20:10:28 Starting server on :4000
INFO	2024/06/05 20:10:37 [::1]:63398 - HTTP/1.1 GET /
INFO	2024/06/05 20:16:51 Starting server on :4000
INFO	2024/06/05 20:17:06 [::1]:63636 - HTTP/1.1 GET /
INFO	2024/06/05 20:17:07 [::1]:63636 - HTTP/1.1 GET /
INFO	2024/06/05 20:17:10 [::1]:63636 - HTTP/1.1 GET /
INFO	2024/06/05 20:25:49 Starting server on :4000
INFO	2024/06/05 20:26:01 [::1]:63919 - HTTP/1.1 GET /
INFO	2024/06/05 20:26:02 [::1]:63919 - HTTP/1.1 GET /
INFO	2024/06/05 20:36:20 Starting server on :4000
INFO	2024/06/05 20:36:30 [::1]:64519 - HTTP/1.1 GET /
INFO	2024/06/05 20:55:43 Starting server on :4000
INFO	2024/06/05 20:57:24 Starting server on :4000
INFO	2024/06/05 20:57:44 [::1]:65221 - HTTP/1.1 GET /
INFO	2024/06/05 20:57:46 [::1]:65221 - HTTP/1.1 GET /
INFO	2024/06/05 20:58:54 Starting server on :4000
INFO	2024/06/05 20:59:05 [::1]:65270 - HTTP/1.1 GET /
INFO	2024/06/05 21:01:19 Starting server on :4000
INFO	2024/06/05 21:01:27 [::1]:65371 - HTTP/1.1 GET /
INFO	2024/06/05 21:03:02 Starting server on :4000
INFO	2024/06/05 21:03:15 [::1]:65436 - HTTP/1.1 GET /
INFO	2024/06/05 21:03:17 [::1]:65436 - HTTP/1.1 GET /
INFO	2024/06/06 02:50:55 Starting server on :4000
INFO	2024/06/06 02:51:12 [::1]:59856 - HTTP/1.1 GET /
INFO	2024/06/06 02:51:18 [::1]:59856 - HTTP/1.1 GET /
INFO	2024/06/06 02:51:18 [::1]:59856 - HTTP/1.1 GET /favicon.ico
INFO	2024/06/06 02:52:09 Starting server on :4000
INFO	2024/06/06 02:52:18 [::1]:60031 - HTTP/1.1 GET /
INFO	2024/06/06 02:52:21 [::1]:60031 - HTTP/1.1 GET /
INFO	2024/06/06 02:52:22 [::1]:60031 - HTTP/1.1 GET /
INFO	2024/06/06 04:03:06 Starting server on :4000
INFO	2024/06/06 04:03:21 [::1]:60212 - HTTP/1.1 GET /
INFO	2024/06/06 04:03:21 App page Reloaded
INFO	2024/06/06 04:03:21 [::1]:60212 - HTTP/1.1 GET /static/css/main1.css
INFO	2024/06/06 04:03:25 [::1]:60212 - HTTP/1.1 POST /Add
INFO	2024/06/06 04:07:54 Starting server on :4000
INFO	2024/06/06 04:08:05 [::1]:60226 - HTTP/1.1 GET /
INFO	2024/06/06 04:10:13 Starting server on :4000
INFO	2024/06/06 04:10:24 [::1]:60251 - HTTP/1.1 GET /
INFO	2024/06/06 04:10:43 Starting server on :4000
INFO	2024/06/06 04:10:55 [::1]:60264 - HTTP/1.1 GET /
INFO	2024/06/06 04:10:58 [::1]:60264 - HTTP/1.1 GET /
INFO	2024/06/06 04:11:29 Starting server on :4000
INFO	2024/06/06 04:11:38 [::1]:60278 - HTTP/1.1 GET /
INFO	2024/06/06 04:12:09 Starting server on :4000
INFO	2024/06/06 04:12:16 [::1]:60287 - HTTP/1.1 GET /
INFO	2024/06/06 04:14:00 Starting server on :4000
INFO	2024/06/06 04:14:08 [::1]:60302 - HTTP/1.1 GET /
INFO	2024/06/06 04:14:08 App page Reloaded
INFO	2024/06/06 04:15:03 Starting server on :4000
INFO	2024/06/06 04:15:11 [::1]:60317 - HTTP/1.1 GET /
INFO	2024/06/06 04:16:16 Starting server on :4000
INFO	2024/06/06 04:16:24 [::1]:60329 - HTTP/1.1 GET /
INFO	2024/06/06 04:16:24 App page Reloaded
INFO	2024/06/06 04:16:32 [::1]:60329 - HTTP/1.1 POST /Add
INFO	2024/06/06 04:17:14 [::1]:60329 - HTTP/1.1 GET /
INFO	2024/06/06 04:17:14 App page Reloaded
INFO	2024/06/06 04:18:38 Starting server on :4000
INFO	2024/06/06 04:18:50 [::1]:60393 - HTTP/1.1 GET /
INFO	2024/06/06 04:18:52 [::1]:60393 - HTTP/1.1 GET /
INFO	2024/06/06 04:19:36 Starting server on :4000
INFO	2024/06/06 04:19:49 [::1]:60400 - HTTP/1.1 GET /
INFO	2024/06/06 04:35:29 Starting server on :4000
INFO	2024/06/06 04:35:40 Starting server on :4000
INFO	2024/06/06 04:35:48 [::1]:60489 - HTTP/1.1 GET /
INFO	2024/06/06 04:35:49 [::1]:60489 - HTTP/1.1 GET /
INFO	2024/06/06 04:35:50 [::1]:60489 - HTTP/1.1 GET /
INFO	2024/06/06 04:35:50 [::1]:60489 - HTTP/1.1 GET /
INFO	2024/06/06 04:35:51 [::1]:60489 - HTTP/1.1 GET /
INFO	2024/06/06 05:06:41 Starting server on :4000
INFO	2024/06/06 05:06:48 [::1]:60595 - HTTP/1.1 GET /
INFO	2024/06/06 05:06:49 [::1]:60595 - HTTP/1.1 GET /
INFO	2024/06/06 05:06:50 [::1]:60595 - HTTP/1.1 GET /
INFO	2024/06/06 05:17:12 Starting server on :4000
INFO	2024/06/06 05:17:19 [::1]:60766 - HTTP/1.1 GET /
INFO	2024/06/06 05:19:59 Starting server on :4000
INFO	2024/06/06 05:20:11 [::1]:60889 - HTTP/1.1 GET /
INFO	2024/06/06 05:22:40 Starting server on :4000
INFO	2024/06/06 05:23:15 Starting server on :4000
INFO	2024/06/06 05:23:21 [::1]:61017 - HTTP/1.1 GET /
INFO	2024/06/06 05:26:01 Starting server on :4000
INFO	2024/06/06 05:26:10 [::1]:61137 - HTTP/1.1 GET /
INFO	2024/06/06 05:26:36 Starting server on :4000
INFO	2024/06/06 05:26:53 [::1]:61169 - HTTP/1.1 GET /
INFO	2024/06/06 05:27:16 Starting server on :4000
INFO	2024/06/06 05:27:22 [::1]:61193 - HTTP/1.1 GET /
INFO	2024/06/06 05:27:54 Starting server on :4000
INFO	2024/06/06 05:28:00 [::1]:61221 - HTTP/1.1 GET /
INFO	2024/06/06 05:29:39 Starting server on :4000
INFO	2024/06/06 05:29:46 [::1]:61283 - HTTP/1.1 GET /
INFO	2024/06/06 05:30:19 Starting server on :4000
INFO	2024/06/06 05:30:29 Starting server on :4000
INFO	2024/06/06 05:30:34 [::1]:61315 - HTTP/1.1 GET /
INFO	2024/06/06 05:34:34 Starting server on :4000
INFO	2024/06/06 05:34:41 [::1]:61454 - HTTP/1.1 GET /
INFO	2024/06/06 05:34:41 App page Reloaded
INFO	2024/06/06 05:34:41 [::1]:61454 - HTTP/1.1 GET /static/css/main1.css
INFO	2024/06/06 05:34:49 [::1]:61454 - HTTP/1.1 POST /Add
INFO	2024/06/06 05:38:12 Starting server on :4000
INFO	2024/06/06 05:38:21 [::1]:61586 - HTTP/1.1 GET /
INFO	2024/06/06 05:38:21 App page Reloaded
INFO	2024/06/06 05:38:26 [::1]:61586 - HTTP/1.1 POST /Add
INFO	2024/06/06 05:38:48 Starting server on :4000
INFO	2024/06/06 05:38:56 [::1]:61600 - HTTP/1.1 GET /
INFO	2024/06/06 05:38:56 App page Reloaded
INFO	2024/06/06 05:38:58 [::1]:61600 - HTTP/1.1 POST /Add
INFO	2024/06/06 05:39:34 [::1]:61600 - HTTP/1.1 GET /
INFO	2024/06/06 05:39:34 App page Reloaded
INFO	2024/06/06 05:39:51 [::1]:61600 - HTTP/1.1 GET /
INFO	2024/06/06 05:39:51 App page Reloaded
INFO	2024/06/06 05:40:13 Starting server on :4000
INFO	2024/06/06 05:40:27 Starting server on :4000
INFO	2024/06/06 05:40:33 [::1]:61622 - HTTP/1.1 GET /
INFO	2024/06/06 05:40:33 App page Reloaded
INFO	2024/06/06 05:40:34 [::1]:61622 - HTTP/1.1 POST /Add
INFO	2024/06/06 05:41:23 Starting server on :4000
INFO	2024/06/06 05:41:31 [::1]:61633 - HTTP/1.1 GET /
INFO	2024/06/06 05:41:31 App page Reloaded
INFO	2024/06/06 05:41:32 [::1]:61633 - HTTP/1.1 POST /Add
INFO	2024/06/06 05:42:39 Starting server on :4000
INFO	2024/06/06 05:42:46 [::1]:61649 - HTTP/1.1 GET /
INFO	2024/06/06 05:42:46 App page Reloaded
INFO	2024/06/06 05:42:47 [::1]:61649 - HTTP/1.1 POST /Add
INFO	2024/06/06 05:44:08 Starting server on :4000
INFO	2024/06/06 05:44:18 Starting server on :4000
INFO	2024/06/06 05:44:26 [::1]:61670 - HTTP/1.1 GET /
INFO	2024/06/06 05:44:26 App page Reloaded
INFO	2024/06/06 05:44:29 [::1]:61670 - HTTP/1.1 POST /Add
INFO	2024/06/06 05:45:11 Starting server on :4000
INFO	2024/06/06 05:45:18 [::1]:61678 - HTTP/1.1 GET /
INFO	2024/06/06 05:45:19 [::1]:61678 - HTTP/1.1 GET /
INFO	2024/06/06 05:45:22 [::1]:61678 - HTTP/1.1 GET /
INFO	2024/06/06 05:45:57 Starting server on :4000
INFO	2024/06/06 05:46:04 [::1]:61691 - HTTP/1.1 GET /
INFO	2024/06/06 05:50:57 Starting server on :4000
INFO	2024/06/06 05:51:27 Starting server on :4000
INFO	2024/06/06 05:51:36 [::1]:61744 - HTTP/1.1 GET /
INFO	2024/06/06 05:51:36 App page Reloaded
INFO	2024/06/06 05:51:38 [::1]:61744 - HTTP/1.1 POST /Add
INFO	2024/06/06 05:51:54 [::1]:61744 - HTTP/1.1 POST /Add
INFO	2024/06/06 05:51:54 [::1]:61744 - HTTP/1.1 GET /
INFO	2024/06/06 05:51:54 App page Reloaded
INFO	2024/06/06 06:27:36 Starting server on :4000
INFO	2024/06/06 06:27:43 [::1]:56281 - HTTP/1.1 GET /
INFO	2024/06/06 06:27:57 [::1]:56281 - HTTP/1.1 GET /
INFO	2024/06/06 06:29:04 Starting server on :4000
INFO	2024/06/06 06:29:15 [::1]:56301 - HTTP/1.1 GET /
INFO	2024/06/06 06:29:18 [::1]:56301 - HTTP/1.1 GET /
INFO	2024/06/06 06:49:38 Starting server on :4000
INFO	2024/06/06 06:49:46 [::1]:56676 - HTTP/1.1 GET /
INFO	2024/06/06 06:51:42 Starting server on :4000
INFO	2024/06/06 06:51:49 [::1]:56701 - HTTP/1.1 GET /
INFO	2024/06/06 06:51:50 [::1]:56701 - HTTP/1.1 GET /
INFO	2024/06/06 06:53:45 Starting server on :4000
INFO	2024/06/06 06:53:53 [::1]:56720 - HTTP/1.1 GET /
INFO	2024/06/06 06:53:53 App page Reloaded
INFO	2024/06/06 06:53:53 [::1]:56720 - HTTP/1.1 GET /static/css/main1.css
INFO	2024/06/06 06:53:59 [::1]:56720 - HTTP/1.1 POST /Add
INFO	2024/06/06 06:54:10 [::1]:56720 - HTTP/1.1 POST /Add
INFO	2024/06/06 06:54:10 [::1]:56720 - HTTP/1.1 GET /
INFO	2024/06/06 06:54:10 App page Reloaded
INFO	2024/06/06 07:08:19 Starting server on :4000
INFO	2024/06/06 07:08:31 [::1]:56823 - HTTP/1.1 GET /
INFO	2024/06/06 07:08:31 App page Reloaded
INFO	2024/06/06 07:08:33 [::1]:56823 - HTTP/1.1 GET /
INFO	2024/06/06 07:08:33 App page Reloaded
INFO	2024/06/06 07:08:39 [::1]:56823 - HTTP/1.1 POST /Add
INFO	2024/06/06 07:08:39 [::1]:56823 - HTTP/1.1 GET /
INFO	2024/06/06 07:08:39 App page Reloaded
INFO	2024/06/06 07:08:43 [::1]:56823 - HTTP/1.1 POST /delete?28
INFO	2024/06/06 07:08:43 [::1]:56823 - HTTP/1.1 GET /
INFO	2024/06/06 07:08:43 App page Reloaded
INFO	2024/06/06 07:08:50 [::1]:56823 - HTTP/1.1 POST /Update?id=29
INFO	2024/06/06 07:08:50 [::1]:56823 - HTTP/1.1 GET /
INFO	2024/06/06 07:08:50 App page Reloaded
INFO	2024/06/06 07:10:05 Starting server on :4000
INFO	2024/06/06 07:10:13 [::1]:56838 - HTTP/1.1 GET /
INFO	2024/06/06 07:11:20 Starting server on :4000
INFO	2024/06/06 07:11:27 [::1]:56850 - HTTP/1.1 GET /
INFO	2024/06/06 07:11:28 [::1]:56850 - HTTP/1.1 GET /
INFO	2024/06/06 07:28:50 Starting server on :4000
INFO	2024/06/06 07:28:58 [::1]:56926 - HTTP/1.1 GET /
INFO	2024/06/06 07:28:58 App page Reloaded
INFO	2024/06/06 07:30:38 Starting server on :4000
INFO	2024/06/06 07:30:46 [::1]:56942 - HTTP/1.1 GET /
INFO	2024/06/06 07:30:46 App page Reloaded
INFO	2024/06/06 07:30:47 [::1]:56942 - HTTP/1.1 GET /
INFO	2024/06/06 07:30:47 App page Reloaded
INFO	2024/06/06 07:30:49 [::1]:56942 - HTTP/1.1 GET /
INFO	2024/06/06 07:30:49 App page Reloaded
INFO	2024/06/06 08:52:09 [::1]:57026 - HTTP/1.1 GET /
INFO	2024/06/06 08:52:09 App page Reloaded
INFO	2024/06/06 08:52:09 [::1]:57026 - HTTP/1.1 GET /static/css/main1.css
INFO	2024/06/06 08:52:25 [::1]:57026 - HTTP/1.1 GET /
INFO	2024/06/06 08:52:25 App page Reloaded
INFO	2024/06/06 08:52:26 [::1]:57026 - HTTP/1.1 GET /
INFO	2024/06/06 08:52:26 App page Reloaded
INFO	2024/06/06 08:52:27 [::1]:57026 - HTTP/1.1 GET /
INFO	2024/06/06 08:52:27 App page Reloaded
INFO	2024/06/06 09:00:03 Starting server on :4000
INFO	2024/06/06 09:00:10 [::1]:57094 - HTTP/1.1 GET /
INFO	2024/06/06 09:00:10 App page Reloaded
INFO	2024/06/06 09:01:16 [::1]:57094 - HTTP/1.1 GET /user/signup
INFO	2024/06/06 09:01:20 [::1]:57094 - HTTP/1.1 GET /user/login
INFO	2024/06/06 09:01:24 [::1]:57094 - HTTP/1.1 POST /user/logout
INFO	2024/06/06 09:02:29 Starting server on :4000
INFO	2024/06/06 09:02:38 [::1]:57106 - HTTP/1.1 GET /
INFO	2024/06/06 09:02:38 App page Reloaded
INFO	2024/06/06 09:02:38 [::1]:57106 - HTTP/1.1 GET /static/css/main1.css
INFO	2024/06/06 09:03:08 Starting server on :4000
INFO	2024/06/06 09:03:15 [::1]:57114 - HTTP/1.1 GET /
INFO	2024/06/06 09:03:15 App page Reloaded
INFO	2024/06/06 09:20:30 Starting server on :4000
INFO	2024/06/06 09:20:55 Starting server on :4000
INFO	2024/06/06 11:15:45 Starting server on :4000
INFO	2024/06/06 11:19:16 Starting server on :4000
INFO	2024/06/06 11:19:26 [::1]:57598 - HTTP/1.1 GET /
INFO	2024/06/06 11:19:26 App page Reloaded
INFO	2024/06/06 11:19:26 [::1]:57598 - HTTP/1.1 GET /static/css/main1.css
INFO	2024/06/06 11:19:30 [::1]:57598 - HTTP/1.1 GET /user/signup
INFO	2024/06/06 11:19:40 [::1]:57598 - HTTP/1.1 GET /user/login
INFO	2024/06/06 11:19:44 [::1]:57598 - HTTP/1.1 GET /user/signup
INFO	2024/06/06 11:21:36 Starting server on :4000
INFO	2024/06/06 11:21:43 [::1]:57607 - HTTP/1.1 GET /
INFO	2024/06/06 11:21:43 App page Reloaded
INFO	2024/06/06 11:21:44 [::1]:57607 - HTTP/1.1 GET /user/signup
INFO	2024/06/06 11:26:40 Starting server on :4000
INFO	2024/06/06 11:26:40 [::1]:57617 - HTTP/1.1 GET /user/signup
INFO	2024/06/06 11:26:48 [::1]:57617 - HTTP/1.1 GET /user/signup
INFO	2024/06/06 11:27:39 Starting server on :4000
INFO	2024/06/06 11:27:39 [::1]:57632 - HTTP/1.1 GET /user/signup
INFO	2024/06/06 11:27:47 [::1]:57632 - HTTP/1.1 GET /user/signup
INFO	2024/06/06 11:27:49 [::1]:57632 - HTTP/1.1 GET /user/signup
INFO	2024/06/06 11:27:52 [::1]:57632 - HTTP/1.1 GET /user/signup
INFO	2024/06/06 11:31:00 Starting server on :4000
INFO	2024/06/06 11:31:06 [::1]:57663 - HTTP/1.1 GET /user/signup
INFO	2024/06/06 11:31:08 [::1]:57663 - HTTP/1.1 GET /user/signup
INFO	2024/06/06 11:31:09 [::1]:57663 - HTTP/1.1 GET /user/signup
INFO	2024/06/06 11:32:08 Starting server on :4000
INFO	2024/06/06 11:32:19 [::1]:57678 - HTTP/1.1 GET /user/signup
INFO	2024/06/06 11:33:40 Starting server on :4000
INFO	2024/06/06 11:33:51 [::1]:57691 - HTTP/1.1 GET /user/signup
INFO	2024/06/06 11:33:52 [::1]:57691 - HTTP/1.1 GET /user/signup
INFO	2024/06/06 11:33:53 [::1]:57691 - HTTP/1.1 GET /user/signup
INFO	2024/06/06 11:33:53 [::1]:57691 - HTTP/1.1 GET /user/signup
INFO	2024/06/06 11:34:45 Starting server on :4000
INFO	2024/06/06 11:34:54 [::1]:57704 - HTTP/1.1 GET /user/signup
INFO	2024/06/06 11:34:56 [::1]:57704 - HTTP/1.1 GET /user/signup
INFO	2024/06/06 11:35:57 Starting server on :4000
INFO	2024/06/06 11:36:08 [::1]:57719 - HTTP/1.1 GET /user/signup
INFO	2024/06/06 11:36:36 [::1]:57719 - HTTP/1.1 POST /user/signup
INFO	2024/06/06 11:49:22 Starting server on :4000
INFO	2024/06/06 11:49:33 [::1]:57870 - HTTP/1.1 POST /user/signup
INFO	2024/06/06 11:49:37 [::1]:57870 - HTTP/1.1 POST /user/signup
INFO	2024/06/06 11:49:41 [::1]:57870 - HTTP/1.1 GET /
INFO	2024/06/06 11:49:41 App page Reloaded
INFO	2024/06/06 11:49:42 [::1]:57870 - HTTP/1.1 GET /user/signup
INFO	2024/06/06 11:49:51 [::1]:57870 - HTTP/1.1 POST /user/signup
INFO	2024/06/06 11:50:00 [::1]:57870 - HTTP/1.1 POST /user/signup
INFO	2024/06/06 11:54:04 [::1]:58024 - HTTP/1.1 POST /user/signup
INFO	2024/06/06 11:55:31 Starting server on :4000
INFO	2024/06/06 11:55:58 [::1]:58093 - HTTP/1.1 POST /user/signup
INFO	2024/06/06 11:58:42 [::1]:58195 - HTTP/1.1 GET /static/css/main1.css
INFO	2024/06/06 11:58:44 [::1]:58195 - HTTP/1.1 GET /user/signup
INFO	2024/06/06 11:58:53 [::1]:58195 - HTTP/1.1 POST /user/signup
INFO	2024/06/06 12:10:56 Starting server on :4000
INFO	2024/06/06 12:11:14 [::1]:58622 - HTTP/1.1 GET /
INFO	2024/06/06 12:11:14 App page Reloaded
INFO	2024/06/06 12:11:15 [::1]:58622 - HTTP/1.1 GET /user/signup
INFO	2024/06/06 12:11:27 [::1]:58622 - HTTP/1.1 POST /user/signup
INFO	2024/06/06 12:18:17 [::1]:58833 - HTTP/1.1 GET /
INFO	2024/06/06 12:18:17 App page Reloaded
INFO	2024/06/06 12:18:24 [::1]:58833 - HTTP/1.1 GET /user/signup
INFO	2024/06/06 12:18:46 [::1]:58833 - HTTP/1.1 POST /user/signup
INFO	2024/06/06 12:26:33 [::1]:59076 - HTTP/1.1 POST /user/signup
INFO	2024/06/06 12:28:48 Starting server on :4000
INFO	2024/06/06 12:28:59 [::1]:59161 - HTTP/1.1 GET /
INFO	2024/06/06 12:28:59 App page Reloaded
INFO	2024/06/06 12:28:59 [::1]:59161 - HTTP/1.1 GET /static/css/main1.css
INFO	2024/06/06 12:29:02 [::1]:59161 - HTTP/1.1 GET /user/signup
INFO	2024/06/06 12:29:09 [::1]:59161 - HTTP/1.1 POST /user/signup
INFO	2024/06/06 12:30:09 Starting server on :4000
INFO	2024/06/06 12:30:23 [::1]:59207 - HTTP/1.1 GET /
INFO	2024/06/06 12:30:23 App page Reloaded
INFO	2024/06/06 12:30:25 [::1]:59207 - HTTP/1.1 GET /user/signup
INFO	2024/06/06 12:31:27 Starting server on :4000
INFO	2024/06/06 12:31:53 [::1]:59255 - HTTP/1.1 GET /user/signup
INFO	2024/06/06 12:32:05 [::1]:59255 - HTTP/1.1 POST /user/signup
INFO	2024/06/06 12:34:19 [::1]:59324 - HTTP/1.1 GET /
INFO	2024/06/06 12:34:19 App page Reloaded
INFO	2024/06/06 12:34:27 [::1]:59324 - HTTP/1.1 GET /user/login
INFO	2024/06/06 12:34:30 [::1]:59324 - HTTP/1.1 GET /user/signup
INFO	2024/06/06 12:34:41 [::1]:59324 - HTTP/1.1 POST /user/signup
INFO	2024/06/06 12:35:23 Starting server on :4000
INFO	2024/06/06 12:35:41 [::1]:59370 - HTTP/1.1 POST /user/signup
INFO	2024/06/06 12:35:50 [::1]:59370 - HTTP/1.1 GET /
INFO	2024/06/06 12:35:50 App page Reloaded
INFO	2024/06/06 12:35:52 [::1]:59370 - HTTP/1.1 GET /user/signup
INFO	2024/06/06 12:35:58 [::1]:59370 - HTTP/1.1 POST /user/signup
INFO	2024/06/06 12:49:32 Starting server on :4000
INFO	2024/06/06 12:49:32 [::1]:59785 - HTTP/1.1 GET /user/signup
INFO	2024/06/06 12:49:42 [::1]:59785 - HTTP/1.1 GET /
INFO	2024/06/06 12:49:42 App page Reloaded
INFO	2024/06/06 12:49:45 [::1]:59785 - HTTP/1.1 GET /user/signup
INFO	2024/06/06 12:49:55 [::1]:59785 - HTTP/1.1 POST /user/signup
INFO	2024/06/06 12:50:19 [::1]:59785 - HTTP/1.1 GET /user/signup
INFO	2024/06/06 12:50:37 [::1]:59785 - HTTP/1.1 POST /user/signup
INFO	2024/06/06 12:52:39 Starting server on :4000
INFO	2024/06/06 12:52:48 [::1]:59901 - HTTP/1.1 POST /user/signup
INFO	2024/06/06 12:52:53 [::1]:59901 - HTTP/1.1 GET /
INFO	2024/06/06 12:52:53 App page Reloaded
INFO	2024/06/06 12:52:56 [::1]:59901 - HTTP/1.1 GET /user/signup
INFO	2024/06/06 12:53:03 [::1]:59901 - HTTP/1.1 POST /user/signup
INFO	2024/06/06 13:13:55 Starting server on :4000
INFO	2024/06/06 13:14:07 [::1]:60552 - HTTP/1.1 GET /
INFO	2024/06/06 13:14:07 App page Reloaded
INFO	2024/06/06 13:14:07 [::1]:60552 - HTTP/1.1 GET /static/css/main1.css
INFO	2024/06/06 13:14:13 [::1]:60552 - HTTP/1.1 GET /user/signup
INFO	2024/06/06 13:14:31 [::1]:60552 - HTTP/1.1 POST /user/signup
INFO	2024/06/06 13:14:35 [::1]:60552 - HTTP/1.1 GET /user/signup
INFO	2024/06/06 13:14:38 [::1]:60552 - HTTP/1.1 GET /user/login
INFO	2024/06/06 13:17:50 Starting server on :4000
INFO	2024/06/06 13:18:06 [::1]:60677 - HTTP/1.1 GET /user/login
INFO	2024/06/06 13:18:46 [::1]:60677 - HTTP/1.1 GET /user/login
INFO	2024/06/06 13:20:43 Starting server on :4000
INFO	2024/06/06 13:20:43 [::1]:60760 - HTTP/1.1 GET /user/login
INFO	2024/06/06 13:20:51 [::1]:60760 - HTTP/1.1 GET /user/login
INFO	2024/06/06 13:21:38 Starting server on :4000
INFO	2024/06/06 13:21:49 [::1]:60796 - HTTP/1.1 GET /user/login
INFO	2024/06/06 13:21:57 [::1]:60796 - HTTP/1.1 GET /user/login
INFO	2024/06/06 13:24:36 Starting server on :4000
INFO	2024/06/06 13:24:55 [::1]:60917 - HTTP/1.1 GET /user/login
INFO	2024/06/06 13:25:01 [::1]:60917 - HTTP/1.1 GET /user/login
INFO	2024/06/06 13:25:05 [::1]:60917 - HTTP/1.1 GET /user/login
INFO	2024/06/06 13:25:06 [::1]:60917 - HTTP/1.1 GET /user/login
INFO	2024/06/06 13:25:09 [::1]:60917 - HTTP/1.1 GET /
INFO	2024/06/06 13:25:09 App page Reloaded
INFO	2024/06/06 13:25:11 [::1]:60917 - HTTP/1.1 GET /
INFO	2024/06/06 13:25:11 App page Reloaded
INFO	2024/06/06 13:25:13 [::1]:60917 - HTTP/1.1 GET /user/login
INFO	2024/06/06 13:25:36 Starting server on :4000
INFO	2024/06/06 13:25:50 [::1]:60944 - HTTP/1.1 GET /
INFO	2024/06/06 13:25:50 App page Reloaded
INFO	2024/06/06 13:25:53 [::1]:60944 - HTTP/1.1 GET /user/login
INFO	2024/06/06 13:28:37 [::1]:60963 - HTTP/1.1 POST /user/login
INFO	2024/06/06 13:28:37 [::1]:60963 - HTTP/1.1 GET /
INFO	2024/06/06 13:28:37 App page Reloaded
INFO	2024/06/06 13:28:57 [::1]:60963 - HTTP/1.1 POST /user/logout
INFO	2024/06/06 13:29:02 [::1]:60963 - HTTP/1.1 GET /user/signup
INFO	2024/06/06 13:29:48 [::1]:60963 - HTTP/1.1 GET /user/login
INFO	2024/06/06 13:29:57 [::1]:60963 - HTTP/1.1 POST /user/login
INFO	2024/06/06 13:29:57 [::1]:60963 - HTTP/1.1 GET /
INFO	2024/06/06 13:29:57 App page Reloaded
INFO	2024/06/06 13:48:23 Starting server on :4000
INFO	2024/06/06 13:48:32 [::1]:61140 - HTTP/1.1 GET /user/login
INFO	2024/06/06 13:48:44 [::1]:61140 - HTTP/1.1 POST /user/login
INFO	2024/06/06 13:48:44 [::1]:61140 - HTTP/1.1 GET /
INFO	2024/06/06 13:48:44 App page Reloaded
INFO	2024/06/06 13:48:44 [::1]:61140 - HTTP/1.1 GET /static/css/main1.css
INFO	2024/06/06 13:50:57 Starting server on :4000
INFO	2024/06/06 13:51:13 [::1]:61164 - HTTP/1.1 GET /user/login
INFO	2024/06/06 13:51:44 [::1]:61164 - HTTP/1.1 POST /user/login
INFO	2024/06/06 13:51:44 [::1]:61164 - HTTP/1.1 GET /
INFO	2024/06/06 13:51:44 App page Reloaded
INFO	2024/06/06 13:51:46 [::1]:61164 - HTTP/1.1 GET /user/login
INFO	2024/06/06 13:52:08 [::1]:61207 - HTTP/1.1 POST /user/login
INFO	2024/06/06 13:52:08 [::1]:61207 - HTTP/1.1 GET /
INFO	2024/06/06 13:52:08 App page Reloaded
INFO	2024/06/06 13:55:14 Starting server on :4000
INFO	2024/06/06 13:55:24 [::1]:61322 - HTTP/1.1 GET /user/login
INFO	2024/06/06 13:55:34 [::1]:61322 - HTTP/1.1 POST /user/login
INFO	2024/06/06 13:55:34 [::1]:61322 - HTTP/1.1 GET /
INFO	2024/06/06 13:55:34 App page Reloaded
INFO	2024/06/06 14:00:06 Starting server on :4000
INFO	2024/06/06 14:00:18 [::1]:61487 - HTTP/1.1 GET /
INFO	2024/06/06 14:00:18 App page Reloaded
INFO	2024/06/06 14:00:21 [::1]:61487 - HTTP/1.1 GET /user/login
INFO	2024/06/06 14:00:28 [::1]:61487 - HTTP/1.1 POST /user/login
INFO	2024/06/06 14:00:28 [::1]:61487 - HTTP/1.1 GET /
INFO	2024/06/06 14:00:28 App page Reloaded
INFO	2024/06/06 14:03:26 [::1]:61588 - HTTP/1.1 GET /user/login
INFO	2024/06/06 14:03:35 [::1]:61588 - HTTP/1.1 POST /user/login
INFO	2024/06/06 14:03:35 [::1]:61588 - HTTP/1.1 GET /
INFO	2024/06/06 14:03:35 App page Reloaded
INFO	2024/06/06 14:04:28 Starting server on :4000
INFO	2024/06/06 14:04:40 [::1]:61634 - HTTP/1.1 GET /
INFO	2024/06/06 14:04:40 App page Reloaded
INFO	2024/06/06 14:04:52 [::1]:61634 - HTTP/1.1 GET /user/login
INFO	2024/06/06 14:05:00 [::1]:61634 - HTTP/1.1 POST /user/login
INFO	2024/06/06 14:05:00 [::1]:61634 - HTTP/1.1 GET /
INFO	2024/06/06 14:05:00 App page Reloaded
INFO	2024/06/06 14:06:32 Starting server on :4000
INFO	2024/06/06 14:06:40 [::1]:61711 - HTTP/1.1 GET /user/login
INFO	2024/06/06 14:06:46 [::1]:61711 - HTTP/1.1 POST /user/login
INFO	2024/06/06 14:06:46 [::1]:61711 - HTTP/1.1 GET /
INFO	2024/06/06 14:06:46 App page Reloaded
INFO	2024/06/06 14:07:18 [::1]:61711 - HTTP/1.1 GET /user/login
INFO	2024/06/06 14:08:16 [::1]:61711 - HTTP/1.1 GET /user/login
INFO	2024/06/06 14:08:28 [::1]:61711 - HTTP/1.1 POST /user/login
INFO	2024/06/06 14:08:29 [::1]:61711 - HTTP/1.1 GET /
INFO	2024/06/06 14:08:29 App page Reloaded
INFO	2024/06/06 14:11:31 Starting server on :4000
INFO	2024/06/06 14:11:44 [::1]:61890 - HTTP/1.1 POST /user/logout
INFO	2024/06/06 14:11:47 [::1]:61890 - HTTP/1.1 POST /user/logout
INFO	2024/06/06 14:11:49 [::1]:61890 - HTTP/1.1 GET /user/login
INFO	2024/06/06 14:11:55 [::1]:61890 - HTTP/1.1 POST /user/login
INFO	2024/06/06 14:12:38 [::1]:61890 - HTTP/1.1 GET /user/login
INFO	2024/06/06 14:12:48 Starting server on :4000
INFO	2024/06/06 14:12:59 [::1]:61941 - HTTP/1.1 GET /user/login
INFO	2024/06/06 14:13:04 [::1]:61941 - HTTP/1.1 POST /user/login
INFO	2024/06/06 14:13:04 [::1]:61941 - HTTP/1.1 GET /
INFO	2024/06/06 14:13:04 App page Reloaded
INFO	2024/06/06 14:13:28 [::1]:61941 - HTTP/1.1 GET /user/login
INFO	2024/06/06 14:13:31 [::1]:61941 - HTTP/1.1 POST /user/login
INFO	2024/06/06 14:13:31 [::1]:61941 - HTTP/1.1 GET /
INFO	2024/06/06 14:13:31 App page Reloaded
INFO	2024/06/06 14:21:09 Starting server on :4000
INFO	2024/06/06 14:21:22 [::1]:62231 - HTTP/1.1 GET /user/login
INFO	2024/06/06 14:21:35 [::1]:62231 - HTTP/1.1 POST /user/login
INFO	2024/06/06 14:21:35 [::1]:62231 - HTTP/1.1 GET /
INFO	2024/06/06 14:21:35 App page Reloaded
INFO	2024/06/06 14:22:50 Starting server on :4000
INFO	2024/06/06 14:23:01 [::1]:62293 - HTTP/1.1 GET /user/login
INFO	2024/06/06 14:23:09 [::1]:62293 - HTTP/1.1 POST /user/login
INFO	2024/06/06 14:23:09 [::1]:62293 - HTTP/1.1 GET /user/login
INFO	2024/06/06 14:25:10 [::1]:62367 - HTTP/1.1 POST /user/login
INFO	2024/06/06 14:26:56 [::1]:62442 - HTTP/1.1 GET /
INFO	2024/06/06 14:26:56 App page Reloaded
INFO	2024/06/06 14:26:56 [::1]:62442 - HTTP/1.1 GET /static/css/main1.css
INFO	2024/06/06 14:26:58 [::1]:62442 - HTTP/1.1 GET /user/login
INFO	2024/06/06 14:27:05 [::1]:62442 - HTTP/1.1 POST /user/login
INFO	2024/06/06 14:28:18 [::1]:62488 - HTTP/1.1 GET /
INFO	2024/06/06 14:28:18 App page Reloaded
INFO	2024/06/06 14:28:44 [::1]:62488 - HTTP/1.1 GET /user/login
INFO	2024/06/06 14:28:56 [::1]:62488 - HTTP/1.1 POST /user/login
INFO	2024/06/06 14:28:57 [::1]:62488 - HTTP/1.1 GET /user/login
INFO	2024/06/06 14:29:07 [::1]:62488 - HTTP/1.1 POST /user/login
